Using pre-set license
Built from '2020.3/staging' branch; Version is '2020.3.30f1 (1fb1bf06830e) revision 2077119'; Using compiler version '192528614'; Build Type 'Release'
OS: 'Windows 10  (10.0.19044) 64bit Core' Language: 'en' Physical Memory: 8058 MB
BatchMode: 1, IsHumanControllingUs: 0, StartBugReporterOnCrash: 0, Is64bit: 1, IsPro: 0

COMMAND LINE ARGUMENTS:
C:\Program Files\Unity\Hub\Editor\2020.3.30f1\Editor\Unity.exe
-adb2
-batchMode
-noUpm
-name
AssetImportWorker0
-projectPath
C:/Users/Samuel/unity_projects/APCP_Climent/Climatesim2
-logFile
Logs/AssetImportWorker0.log
-srvPort
64950
Successfully changed project path to: C:/Users/Samuel/unity_projects/APCP_Climent/Climatesim2
C:/Users/Samuel/unity_projects/APCP_Climent/Climatesim2
Using Asset Import Pipeline V2.
Refreshing native plugins compatible for Editor in 131.70 ms, found 2 plugins.
Preloading 0 native plugins for Editor in 0.00 ms.
Initialize engine version: 2020.3.30f1 (1fb1bf06830e)
[Subsystems] Discovering subsystems at path C:/Program Files/Unity/Hub/Editor/2020.3.30f1/Editor/Data/Resources/UnitySubsystems
[Subsystems] Discovering subsystems at path C:/Users/Samuel/unity_projects/APCP_Climent/Climatesim2/Assets
GfxDevice: creating device client; threaded=0
d3d12: loaded!
Direct3D:
    Version:         Direct3D 12 [level 12.1]
    Renderer:        NVIDIA GeForce GTX 1050 (ID=0x1c8d)
    Vendor:          
    VRAM:            4019 MB
    App VRAM Budget: 3416 MB
    Driver:          30.0.15.1259
d3d12: Profiler is enabled, but stable power state is not. GPU timing errors are expected.
Initialize mono
Mono path[0] = 'C:/Program Files/Unity/Hub/Editor/2020.3.30f1/Editor/Data/Managed'
Mono path[1] = 'C:/Program Files/Unity/Hub/Editor/2020.3.30f1/Editor/Data/MonoBleedingEdge/lib/mono/unityjit'
Mono config path = 'C:/Program Files/Unity/Hub/Editor/2020.3.30f1/Editor/Data/MonoBleedingEdge/etc'
Using monoOptions --debugger-agent=transport=dt_socket,embedding=1,server=y,suspend=n,address=127.0.0.1:56980
Begin MonoManager ReloadAssembly
Registering precompiled unity dll's ...
Register platform support module: C:/Program Files/Unity/Hub/Editor/2020.3.30f1/Editor/Data/PlaybackEngines/WindowsStandaloneSupport/UnityEditor.WindowsStandalone.Extensions.dll
Registered in 0.002658 seconds.
Native extension for WindowsStandalone target not found
Refreshing native plugins compatible for Editor in 104.50 ms, found 2 plugins.
Preloading 0 native plugins for Editor in 0.00 ms.
Mono: successfully reloaded assembly
- Completed reload, in  0.860 seconds
Domain Reload Profiling:
	ReloadAssembly (860ms)
		BeginReloadAssembly (91ms)
			ExecutionOrderSort (0ms)
			DisableScriptedObjects (0ms)
			BackupInstance (0ms)
			ReleaseScriptingObjects (0ms)
			CreateAndSetChildDomain (1ms)
		EndReloadAssembly (679ms)
			LoadAssemblies (85ms)
			RebuildTransferFunctionScriptingTraits (0ms)
			SetupTypeCache (193ms)
			ReleaseScriptCaches (0ms)
			RebuildScriptCaches (37ms)
			SetupLoadedEditorAssemblies (293ms)
				LogAssemblyErrors (0ms)
				InitializePlatformSupportModulesInManaged (5ms)
				SetLoadedEditorAssemblies (0ms)
				RefreshPlugins (105ms)
				BeforeProcessingInitializeOnLoad (13ms)
				ProcessInitializeOnLoadAttributes (133ms)
				ProcessInitializeOnLoadMethodAttributes (36ms)
				AfterProcessingInitializeOnLoad (0ms)
				EditorAssembliesLoaded (0ms)
			ExecutionOrderSort2 (0ms)
			AwakeInstancesAfterBackupRestoration (0ms)
Platform modules already initialized, skipping
Registering precompiled user dll's ...
Registered in 0.005401 seconds.
Begin MonoManager ReloadAssembly
Native extension for WindowsStandalone target not found
Refreshing native plugins compatible for Editor in 121.58 ms, found 2 plugins.
Preloading 0 native plugins for Editor in 0.00 ms.
Mono: successfully reloaded assembly
- Completed reload, in  2.843 seconds
Domain Reload Profiling:
	ReloadAssembly (2844ms)
		BeginReloadAssembly (216ms)
			ExecutionOrderSort (0ms)
			DisableScriptedObjects (7ms)
			BackupInstance (0ms)
			ReleaseScriptingObjects (0ms)
			CreateAndSetChildDomain (21ms)
		EndReloadAssembly (2443ms)
			LoadAssemblies (136ms)
			RebuildTransferFunctionScriptingTraits (0ms)
			SetupTypeCache (556ms)
			ReleaseScriptCaches (1ms)
			RebuildScriptCaches (104ms)
			SetupLoadedEditorAssemblies (1463ms)
				LogAssemblyErrors (0ms)
				InitializePlatformSupportModulesInManaged (4ms)
				SetLoadedEditorAssemblies (0ms)
				RefreshPlugins (122ms)
				BeforeProcessingInitializeOnLoad (129ms)
				ProcessInitializeOnLoadAttributes (352ms)
				ProcessInitializeOnLoadMethodAttributes (846ms)
				AfterProcessingInitializeOnLoad (10ms)
				EditorAssembliesLoaded (0ms)
			ExecutionOrderSort2 (0ms)
			AwakeInstancesAfterBackupRestoration (10ms)
Platform modules already initialized, skipping
========================================================================
Worker process is ready to serve import requests
Launched and connected shader compiler UnityShaderCompiler.exe after 0.15 seconds
Refreshing native plugins compatible for Editor in 0.88 ms, found 2 plugins.
Preloading 0 native plugins for Editor in 0.00 ms.
Unloading 4313 Unused Serialized files (Serialized files now loaded: 0)
System memory in use before: 222.1 MB.
System memory in use after: 222.3 MB.

Unloading 18 unused Assets to reduce memory usage. Loaded Objects now: 4764.
Total: 6.213500 ms (FindLiveObjects: 0.466000 ms CreateObjectMapping: 0.438800 ms MarkObjects: 5.190500 ms  DeleteObjects: 0.116800 ms)

AssetImportParameters requested are different than current active one (requested -> active):
  custom:framework-win-MediaFoundation: 216162199b28c13a410421893ffa2e32 -> 
  custom:video-decoder-ogg-theora: a1e56fd34408186e4bbccfd4996cb3dc -> 
  custom:container-muxer-webm: aa71ff27fc2769a1b78a27578f13a17b -> 
  custom:container-demuxer-webm: 4f35f7cbe854078d1ac9338744f61a02 -> 
  custom:container-demuxer-ogg: 62fdf1f143b41e24485cea50d1cbac27 -> 
  custom:video-encoder-webm-vp8: eb34c28f22e8b96e1ab97ce403110664 -> 
  custom:video-decoder-webm-vp8: 9c59270c3fd7afecdb556c50c9e8de78 -> 
  custom:audio-decoder-ogg-vorbis: bf7c407c2cedff20999df2af8eb42d56 -> 
  custom:audio-encoder-webm-vorbis: bf7c407c2cedff20999df2af8eb42d56 -> 
========================================================================
Received Import Request.
  path: Assets/scripts/Json/JSONObject.cs
  artifactKey: Guid(f71819923b555d14ab64ae2044718de9) Importer(815301076,1909f56bfc062723c751e8b465ee728b)
Start importing Assets/scripts/Json/JSONObject.cs using Guid(f71819923b555d14ab64ae2044718de9) Importer(815301076,1909f56bfc062723c751e8b465ee728b)  -> (artifact id: '72baba329e5a8325bd196fcf1c63b7dd') in 0.070304 seconds 
========================================================================
Received Import Request.
  Time since last request: 27.325912 seconds.
  path: Assets/scripts/Json/PositionObject.cs
  artifactKey: Guid(a3ad454e84dae4b91ac207a63f30976a) Importer(815301076,1909f56bfc062723c751e8b465ee728b)
Start importing Assets/scripts/Json/PositionObject.cs using Guid(a3ad454e84dae4b91ac207a63f30976a) Importer(815301076,1909f56bfc062723c751e8b465ee728b)  -> (artifact id: 'fcb5885b954f88354096b2ab4b49723a') in 0.016972 seconds 
========================================================================
Received Import Request.
  Time since last request: 5.401231 seconds.
  path: Assets/scripts/Json/FeatureCollection.cs
  artifactKey: Guid(db92b9b527c654bd1bcdb00f59315dd6) Importer(815301076,1909f56bfc062723c751e8b465ee728b)
Start importing Assets/scripts/Json/FeatureCollection.cs using Guid(db92b9b527c654bd1bcdb00f59315dd6) Importer(815301076,1909f56bfc062723c751e8b465ee728b)  -> (artifact id: '3e5d43aebf186ec1844d9245d16535d0') in 0.011665 seconds 
========================================================================
Received Import Request.
  Time since last request: 0.618358 seconds.
  path: Assets/scripts/Json/FeatureObject.cs
  artifactKey: Guid(6ea1f1562e9b74d2f9fb6581c8d71ff7) Importer(815301076,1909f56bfc062723c751e8b465ee728b)
Start importing Assets/scripts/Json/FeatureObject.cs using Guid(6ea1f1562e9b74d2f9fb6581c8d71ff7) Importer(815301076,1909f56bfc062723c751e8b465ee728b)  -> (artifact id: '3fdec12ae7b4cceecdec997692f2a4f3') in 0.009990 seconds 
========================================================================
Received Import Request.
  Time since last request: 0.998355 seconds.
  path: Assets/scripts/Json/GeoJSONObject.cs
  artifactKey: Guid(cccff418caca64f4682367646b8601f2) Importer(815301076,1909f56bfc062723c751e8b465ee728b)
Start importing Assets/scripts/Json/GeoJSONObject.cs using Guid(cccff418caca64f4682367646b8601f2) Importer(815301076,1909f56bfc062723c751e8b465ee728b)  -> (artifact id: '027f630a2c51478ffd4934cf949a6c7c') in 0.009059 seconds 
========================================================================
Received Import Request.
  Time since last request: 2.962115 seconds.
  path: Assets/scripts/Json/GeometryObjects.cs
  artifactKey: Guid(843f5d52811c7463ba1558df7b570c27) Importer(815301076,1909f56bfc062723c751e8b465ee728b)
Start importing Assets/scripts/Json/GeometryObjects.cs using Guid(843f5d52811c7463ba1558df7b570c27) Importer(815301076,1909f56bfc062723c751e8b465ee728b)  -> (artifact id: 'df594f90718ad0df2d95b865f0954797') in 0.008437 seconds 
========================================================================
Received Import Request.
  Time since last request: 3.796957 seconds.
  path: Assets/scripts/Json/VectorTemplates.cs
  artifactKey: Guid(886fb4d7a67d4ce4bb7f51bcc38e20c1) Importer(815301076,1909f56bfc062723c751e8b465ee728b)
Start importing Assets/scripts/Json/VectorTemplates.cs using Guid(886fb4d7a67d4ce4bb7f51bcc38e20c1) Importer(815301076,1909f56bfc062723c751e8b465ee728b)  -> (artifact id: '36527b6ff3c03ecaef576e50bc9a8d7c') in 0.040148 seconds 
========================================================================
Received Import Request.
  Time since last request: 228.082042 seconds.
  path: Assets/scripts/Json/Langy Cells 2022-05-04-18-41.geojson
  artifactKey: Guid(77c6f357ff4bb494a9bfd48ebeec79c3) Importer(815301076,1909f56bfc062723c751e8b465ee728b)
Start importing Assets/scripts/Json/Langy Cells 2022-05-04-18-41.geojson using Guid(77c6f357ff4bb494a9bfd48ebeec79c3) Importer(815301076,1909f56bfc062723c751e8b465ee728b)  -> (artifact id: '8e897be3156c7331de55f0c64b7507a7') in 0.027867 seconds 
========================================================================
Received Import Request.
  Time since last request: 1.946627 seconds.
  path: Assets/scripts/Json/Langy Rivers 2022-05-04-18-41.geojson
  artifactKey: Guid(e3430c85123c08c44b0e9d0733a5cb7c) Importer(815301076,1909f56bfc062723c751e8b465ee728b)
Start importing Assets/scripts/Json/Langy Rivers 2022-05-04-18-41.geojson using Guid(e3430c85123c08c44b0e9d0733a5cb7c) Importer(815301076,1909f56bfc062723c751e8b465ee728b)  -> (artifact id: 'fbdbd512390c5edb0fe2d8a8ff10350b') in 0.043933 seconds 
========================================================================
Received Import Request.
  Time since last request: 33.681084 seconds.
  path: Assets/scripts/Json/Editor
  artifactKey: Guid(6b700d54458b2824c934e039a95c468c) Importer(815301076,1909f56bfc062723c751e8b465ee728b)
Start importing Assets/scripts/Json/Editor using Guid(6b700d54458b2824c934e039a95c468c) Importer(815301076,1909f56bfc062723c751e8b465ee728b)  -> (artifact id: '18330072db5443a4c901f37b14d320d0') in 0.010161 seconds 
========================================================================
Received Import Request.
  Time since last request: 1.876667 seconds.
  path: Assets/scripts/Json/Editor/JSONObjectAsyncTests.cs
  artifactKey: Guid(9532362418e76ae48b020b4a3a4f2bf0) Importer(815301076,1909f56bfc062723c751e8b465ee728b)
Start importing Assets/scripts/Json/Editor/JSONObjectAsyncTests.cs using Guid(9532362418e76ae48b020b4a3a4f2bf0) Importer(815301076,1909f56bfc062723c751e8b465ee728b)  -> (artifact id: 'a3e8e2ce1909be8f5d947d79b14c48a2') in 0.010220 seconds 
========================================================================
Received Import Request.
  Time since last request: 0.526471 seconds.
  path: Assets/scripts/Json/Editor/JSONObjectEnumeratorTests.cs
  artifactKey: Guid(02400a0422427cf499fbe3920092bdad) Importer(815301076,1909f56bfc062723c751e8b465ee728b)
Start importing Assets/scripts/Json/Editor/JSONObjectEnumeratorTests.cs using Guid(02400a0422427cf499fbe3920092bdad) Importer(815301076,1909f56bfc062723c751e8b465ee728b)  -> (artifact id: '0c02299f387f00d5156e5b4ecd4c5134') in 0.010009 seconds 
========================================================================
Received Import Request.
  Time since last request: 0.840612 seconds.
  path: Assets/scripts/Json/Editor/JSONObjectTests.cs
  artifactKey: Guid(907d0f22c4d1171419cf397175aed74e) Importer(815301076,1909f56bfc062723c751e8b465ee728b)
Start importing Assets/scripts/Json/Editor/JSONObjectTests.cs using Guid(907d0f22c4d1171419cf397175aed74e) Importer(815301076,1909f56bfc062723c751e8b465ee728b)  -> (artifact id: '59c83fd1d0a268360aea51322baf5eee') in 0.008583 seconds 
========================================================================
Received Import Request.
  Time since last request: 0.287066 seconds.
  path: Assets/scripts/Json/Editor/JSONObjectTestStrings.cs
  artifactKey: Guid(b155c72e87585bd4589f1f6b025f5da8) Importer(815301076,1909f56bfc062723c751e8b465ee728b)
Start importing Assets/scripts/Json/Editor/JSONObjectTestStrings.cs using Guid(b155c72e87585bd4589f1f6b025f5da8) Importer(815301076,1909f56bfc062723c751e8b465ee728b)  -> (artifact id: '94983e27a058eed067a35b3c444bcd63') in 0.010785 seconds 
========================================================================
Received Import Request.
  Time since last request: 0.700185 seconds.
  path: Assets/scripts/Json/Editor/JSONObjectVectorTemplateTests.cs
  artifactKey: Guid(8ede32bd897b0784bae2606358468ce9) Importer(815301076,1909f56bfc062723c751e8b465ee728b)
Start importing Assets/scripts/Json/Editor/JSONObjectVectorTemplateTests.cs using Guid(8ede32bd897b0784bae2606358468ce9) Importer(815301076,1909f56bfc062723c751e8b465ee728b)  -> (artifact id: '3e33331b3f66f39ce3238a7dbab64707') in 0.009815 seconds 
========================================================================
Received Import Request.
  Time since last request: 14.544947 seconds.
  path: Assets/scripts/Json/Editor/JSONChecker.cs
  artifactKey: Guid(6c5a625d29393ed4da8d9150a629fb35) Importer(815301076,1909f56bfc062723c751e8b465ee728b)
Start importing Assets/scripts/Json/Editor/JSONChecker.cs using Guid(6c5a625d29393ed4da8d9150a629fb35) Importer(815301076,1909f56bfc062723c751e8b465ee728b)  -> (artifact id: '88cba4fa98d709a4b62fc4f59f34183c') in 0.013614 seconds 
========================================================================
Received Import Request.
  Time since last request: 869.163292 seconds.
  path: Assets/scripts/Json/JSONObject.cs
  artifactKey: Guid(f71819923b555d14ab64ae2044718de9) Importer(815301076,1909f56bfc062723c751e8b465ee728b)
Start importing Assets/scripts/Json/JSONObject.cs using Guid(f71819923b555d14ab64ae2044718de9) Importer(815301076,1909f56bfc062723c751e8b465ee728b)  -> (artifact id: 'd282fcb4b969718d3d9ae51ec3a4ed9b') in 0.005051 seconds 
========================================================================
Received Import Request.
  Time since last request: 283.512763 seconds.
  path: Assets/scripts/Json/geojson-rfc7946-example.txt
  artifactKey: Guid(efd64b7ba76944922bc1b9d2fecef943) Importer(815301076,1909f56bfc062723c751e8b465ee728b)
Start importing Assets/scripts/Json/geojson-rfc7946-example.txt using Guid(efd64b7ba76944922bc1b9d2fecef943) Importer(815301076,1909f56bfc062723c751e8b465ee728b)  -> (artifact id: '4b274b8f26a10a177d08a798792d55ef') in 0.012289 seconds 
========================================================================
Received Import Request.
  Time since last request: 12.272063 seconds.
  path: Assets/Scenes/Example.unity
  artifactKey: Guid(f7c23b9c02cb34a2b88c0b63be2bb229) Importer(815301076,1909f56bfc062723c751e8b465ee728b)
Start importing Assets/Scenes/Example.unity using Guid(f7c23b9c02cb34a2b88c0b63be2bb229) Importer(815301076,1909f56bfc062723c751e8b465ee728b)  -> (artifact id: 'df402b47408d0fd4a7077536ce1c75a6') in 0.025944 seconds 
========================================================================
Received Import Request.
  Time since last request: 597.438601 seconds.
  path: Assets/scripts/Json/geojson-org-example.txt
  artifactKey: Guid(1e5cdcd730a404dbc8972997b1aedf43) Importer(815301076,1909f56bfc062723c751e8b465ee728b)
Start importing Assets/scripts/Json/geojson-org-example.txt using Guid(1e5cdcd730a404dbc8972997b1aedf43) Importer(815301076,1909f56bfc062723c751e8b465ee728b)  -> (artifact id: 'cd7336c20669017b01f61f87acc113a2') in 0.022237 seconds 
========================================================================
Received Import Request.
  Time since last request: 25.757354 seconds.
  path: Assets/scripts/Json/ExampleGeoJSONLoader.cs
  artifactKey: Guid(fa6f69d210fc34aadbc7f96ec83913e3) Importer(815301076,1909f56bfc062723c751e8b465ee728b)
Start importing Assets/scripts/Json/ExampleGeoJSONLoader.cs using Guid(fa6f69d210fc34aadbc7f96ec83913e3) Importer(815301076,1909f56bfc062723c751e8b465ee728b)  -> (artifact id: '6a19f32bce25464c759c991c263ba648') in 0.010379 seconds 
========================================================================
Received Import Request.
  Time since last request: 11.699063 seconds.
  path: Assets/scripts/Json/JSONObject.cs
  artifactKey: Guid(f71819923b555d14ab64ae2044718de9) Importer(815301076,1909f56bfc062723c751e8b465ee728b)
Start importing Assets/scripts/Json/JSONObject.cs using Guid(f71819923b555d14ab64ae2044718de9) Importer(815301076,1909f56bfc062723c751e8b465ee728b)  -> (artifact id: '1c1b2a57e0c1b31ffdfef4b9adb9c05a') in 0.005402 seconds 
========================================================================
Received Prepare
Registering precompiled user dll's ...
Registered in 0.005789 seconds.
Begin MonoManager ReloadAssembly
Native extension for WindowsStandalone target not found
Refreshing native plugins compatible for Editor in 0.80 ms, found 2 plugins.
Preloading 0 native plugins for Editor in 0.00 ms.
Mono: successfully reloaded assembly
- Completed reload, in  1.688 seconds
Domain Reload Profiling:
	ReloadAssembly (1688ms)
		BeginReloadAssembly (196ms)
			ExecutionOrderSort (0ms)
			DisableScriptedObjects (8ms)
			BackupInstance (0ms)
			ReleaseScriptingObjects (0ms)
			CreateAndSetChildDomain (85ms)
		EndReloadAssembly (1416ms)
			LoadAssemblies (166ms)
			RebuildTransferFunctionScriptingTraits (0ms)
			SetupTypeCache (454ms)
			ReleaseScriptCaches (2ms)
			RebuildScriptCaches (86ms)
			SetupLoadedEditorAssemblies (488ms)
				LogAssemblyErrors (0ms)
				InitializePlatformSupportModulesInManaged (4ms)
				SetLoadedEditorAssemblies (1ms)
				RefreshPlugins (1ms)
				BeforeProcessingInitializeOnLoad (109ms)
				ProcessInitializeOnLoadAttributes (346ms)
				ProcessInitializeOnLoadMethodAttributes (16ms)
				AfterProcessingInitializeOnLoad (10ms)
				EditorAssembliesLoaded (0ms)
			ExecutionOrderSort2 (0ms)
			AwakeInstancesAfterBackupRestoration (21ms)
Platform modules already initialized, skipping
Refreshing native plugins compatible for Editor in 1.57 ms, found 2 plugins.
Preloading 0 native plugins for Editor in 0.00 ms.
Unloading 3948 Unused Serialized files (Serialized files now loaded: 0)
System memory in use before: 201.6 MB.
System memory in use after: 201.8 MB.

Unloading 21 unused Assets to reduce memory usage. Loaded Objects now: 4760.
Total: 6.265500 ms (FindLiveObjects: 0.481600 ms CreateObjectMapping: 0.719900 ms MarkObjects: 5.023700 ms  DeleteObjects: 0.036100 ms)

AssetImportParameters requested are different than current active one (requested -> active):
  custom:framework-win-MediaFoundation: 216162199b28c13a410421893ffa2e32 -> 
  custom:video-decoder-ogg-theora: a1e56fd34408186e4bbccfd4996cb3dc -> 
  custom:container-muxer-webm: aa71ff27fc2769a1b78a27578f13a17b -> 
  custom:container-demuxer-webm: 4f35f7cbe854078d1ac9338744f61a02 -> 
  custom:container-demuxer-ogg: 62fdf1f143b41e24485cea50d1cbac27 -> 
  custom:video-encoder-webm-vp8: eb34c28f22e8b96e1ab97ce403110664 -> 
  custom:video-decoder-webm-vp8: 9c59270c3fd7afecdb556c50c9e8de78 -> 
  custom:audio-decoder-ogg-vorbis: bf7c407c2cedff20999df2af8eb42d56 -> 
  custom:audio-encoder-webm-vorbis: bf7c407c2cedff20999df2af8eb42d56 -> 
========================================================================
Received Prepare
Registering precompiled user dll's ...
Registered in 0.005202 seconds.
Begin MonoManager ReloadAssembly
Native extension for WindowsStandalone target not found
Refreshing native plugins compatible for Editor in 0.91 ms, found 2 plugins.
Preloading 0 native plugins for Editor in 0.00 ms.
Mono: successfully reloaded assembly
- Completed reload, in  1.608 seconds
Domain Reload Profiling:
	ReloadAssembly (1609ms)
		BeginReloadAssembly (179ms)
			ExecutionOrderSort (0ms)
			DisableScriptedObjects (6ms)
			BackupInstance (0ms)
			ReleaseScriptingObjects (0ms)
			CreateAndSetChildDomain (48ms)
		EndReloadAssembly (1353ms)
			LoadAssemblies (158ms)
			RebuildTransferFunctionScriptingTraits (0ms)
			SetupTypeCache (472ms)
			ReleaseScriptCaches (3ms)
			RebuildScriptCaches (103ms)
			SetupLoadedEditorAssemblies (460ms)
				LogAssemblyErrors (0ms)
				InitializePlatformSupportModulesInManaged (4ms)
				SetLoadedEditorAssemblies (1ms)
				RefreshPlugins (1ms)
				BeforeProcessingInitializeOnLoad (106ms)
				ProcessInitializeOnLoadAttributes (326ms)
				ProcessInitializeOnLoadMethodAttributes (13ms)
				AfterProcessingInitializeOnLoad (8ms)
				EditorAssembliesLoaded (0ms)
			ExecutionOrderSort2 (0ms)
			AwakeInstancesAfterBackupRestoration (18ms)
Platform modules already initialized, skipping
Refreshing native plugins compatible for Editor in 0.76 ms, found 2 plugins.
Preloading 0 native plugins for Editor in 0.00 ms.
Unloading 3956 Unused Serialized files (Serialized files now loaded: 0)
System memory in use before: 202.5 MB.
System memory in use after: 202.8 MB.

Unloading 13 unused Assets to reduce memory usage. Loaded Objects now: 4766.
Total: 4.562100 ms (FindLiveObjects: 0.488300 ms CreateObjectMapping: 0.290800 ms MarkObjects: 3.335000 ms  DeleteObjects: 0.446900 ms)

AssetImportParameters requested are different than current active one (requested -> active):
  custom:framework-win-MediaFoundation: 216162199b28c13a410421893ffa2e32 -> 
  custom:video-decoder-ogg-theora: a1e56fd34408186e4bbccfd4996cb3dc -> 
  custom:container-muxer-webm: aa71ff27fc2769a1b78a27578f13a17b -> 
  custom:container-demuxer-webm: 4f35f7cbe854078d1ac9338744f61a02 -> 
  custom:container-demuxer-ogg: 62fdf1f143b41e24485cea50d1cbac27 -> 
  custom:video-encoder-webm-vp8: eb34c28f22e8b96e1ab97ce403110664 -> 
  custom:video-decoder-webm-vp8: 9c59270c3fd7afecdb556c50c9e8de78 -> 
  custom:audio-decoder-ogg-vorbis: bf7c407c2cedff20999df2af8eb42d56 -> 
  custom:audio-encoder-webm-vorbis: bf7c407c2cedff20999df2af8eb42d56 -> 
========================================================================
Received Import Request.
  Time since last request: 944.668768 seconds.
  path: Assets/scripts/JSONObject-2.1.2
  artifactKey: Guid(a68205d51e4d7e04f8b73daca7443d22) Importer(815301076,1909f56bfc062723c751e8b465ee728b)
Start importing Assets/scripts/JSONObject-2.1.2 using Guid(a68205d51e4d7e04f8b73daca7443d22) Importer(815301076,1909f56bfc062723c751e8b465ee728b)  -> (artifact id: 'a772bb44a08554a2709e03174dcd87a7') in 0.018657 seconds 
========================================================================
Received Import Request.
  Time since last request: 224.010755 seconds.
  path: Assets/scripts/JSONObject-2.1.2/Langy Full 2022-05-10-09-20.json
  artifactKey: Guid(0e22416ccb6624f43b98556d50adc349) Importer(815301076,1909f56bfc062723c751e8b465ee728b)
Start importing Assets/scripts/JSONObject-2.1.2/Langy Full 2022-05-10-09-20.json using Guid(0e22416ccb6624f43b98556d50adc349) Importer(815301076,1909f56bfc062723c751e8b465ee728b)  -> (artifact id: '270a8a7fa4c46a77700c5e6b8ae4a7ec') in 0.023565 seconds 
========================================================================
Received Import Request.
  Time since last request: 3.296514 seconds.
  path: Assets/scripts/JSONObject-2.1.2/LICENSE.md
  artifactKey: Guid(d65b4117f5b5c3341947d0a81786e2cd) Importer(815301076,1909f56bfc062723c751e8b465ee728b)
Start importing Assets/scripts/JSONObject-2.1.2/LICENSE.md using Guid(d65b4117f5b5c3341947d0a81786e2cd) Importer(815301076,1909f56bfc062723c751e8b465ee728b)  -> (artifact id: '673dd8198ea471c9bd49db7e358b4eb2') in 0.054932 seconds 
========================================================================
Received Import Request.
  Time since last request: 43.768239 seconds.
  path: Assets/scripts/JSONObject-2.1.2/readme.md
  artifactKey: Guid(80b692916bec1664098283aa4425e4d8) Importer(815301076,1909f56bfc062723c751e8b465ee728b)
Start importing Assets/scripts/JSONObject-2.1.2/readme.md using Guid(80b692916bec1664098283aa4425e4d8) Importer(815301076,1909f56bfc062723c751e8b465ee728b)  -> (artifact id: 'd86e4d53d1906cd5c8467a6959c7cfc5') in 0.011305 seconds 
========================================================================
Received Prepare
Registering precompiled user dll's ...
Registered in 0.007315 seconds.
Begin MonoManager ReloadAssembly
Native extension for WindowsStandalone target not found
Refreshing native plugins compatible for Editor in 0.87 ms, found 2 plugins.
Preloading 0 native plugins for Editor in 0.00 ms.
Mono: successfully reloaded assembly
- Completed reload, in  1.582 seconds
Domain Reload Profiling:
	ReloadAssembly (1582ms)
		BeginReloadAssembly (157ms)
			ExecutionOrderSort (0ms)
			DisableScriptedObjects (7ms)
			BackupInstance (0ms)
			ReleaseScriptingObjects (0ms)
			CreateAndSetChildDomain (50ms)
		EndReloadAssembly (1348ms)
			LoadAssemblies (142ms)
			RebuildTransferFunctionScriptingTraits (0ms)
			SetupTypeCache (469ms)
			ReleaseScriptCaches (2ms)
			RebuildScriptCaches (82ms)
			SetupLoadedEditorAssemblies (459ms)
				LogAssemblyErrors (0ms)
				InitializePlatformSupportModulesInManaged (4ms)
				SetLoadedEditorAssemblies (1ms)
				RefreshPlugins (1ms)
				BeforeProcessingInitializeOnLoad (105ms)
				ProcessInitializeOnLoadAttributes (325ms)
				ProcessInitializeOnLoadMethodAttributes (14ms)
				AfterProcessingInitializeOnLoad (9ms)
				EditorAssembliesLoaded (0ms)
			ExecutionOrderSort2 (0ms)
			AwakeInstancesAfterBackupRestoration (20ms)
Platform modules already initialized, skipping
Refreshing native plugins compatible for Editor in 1.05 ms, found 2 plugins.
Preloading 0 native plugins for Editor in 0.00 ms.
Unloading 3956 Unused Serialized files (Serialized files now loaded: 0)
System memory in use before: 203.3 MB.
System memory in use after: 203.5 MB.

Unloading 13 unused Assets to reduce memory usage. Loaded Objects now: 4770.
Total: 4.949800 ms (FindLiveObjects: 0.358900 ms CreateObjectMapping: 0.239600 ms MarkObjects: 4.285300 ms  DeleteObjects: 0.064500 ms)

AssetImportParameters requested are different than current active one (requested -> active):
  custom:framework-win-MediaFoundation: 216162199b28c13a410421893ffa2e32 -> 
  custom:video-decoder-ogg-theora: a1e56fd34408186e4bbccfd4996cb3dc -> 
  custom:container-muxer-webm: aa71ff27fc2769a1b78a27578f13a17b -> 
  custom:container-demuxer-webm: 4f35f7cbe854078d1ac9338744f61a02 -> 
  custom:container-demuxer-ogg: 62fdf1f143b41e24485cea50d1cbac27 -> 
  custom:video-encoder-webm-vp8: eb34c28f22e8b96e1ab97ce403110664 -> 
  custom:video-decoder-webm-vp8: 9c59270c3fd7afecdb556c50c9e8de78 -> 
  custom:audio-decoder-ogg-vorbis: bf7c407c2cedff20999df2af8eb42d56 -> 
  custom:audio-encoder-webm-vorbis: bf7c407c2cedff20999df2af8eb42d56 -> 
AssetImportWorkerClient::OnTransportError - code=2 error=End of file
